This is pdfTeX, Version 3.14159265-2.6-1.40.20 (TeX Live 2019) (preloaded format=pdflatex 2019.5.8)  19 JAN 2020 11:21
entering extended mode
 restricted \write18 enabled.
 file:line:error style messages enabled.
 %&-line parsing enabled.
**TutorialDocument.tex
(./TutorialDocument.tex
LaTeX2e <2018-12-01>
(/usr/local/texlive/2019/texmf-dist/tex/latex/base/book.cls
Document Class: book 2018/09/03 v1.4i Standard LaTeX document class
(/usr/local/texlive/2019/texmf-dist/tex/latex/base/bk12.clo
File: bk12.clo 2018/09/03 v1.4i Standard LaTeX file (size option)
)
\c@part=\count80
\c@chapter=\count81
\c@section=\count82
\c@subsection=\count83
\c@subsubsection=\count84
\c@paragraph=\count85
\c@subparagraph=\count86
\c@figure=\count87
\c@table=\count88
\abovecaptionskip=\skip41
\belowcaptionskip=\skip42
\bibindent=\dimen102
)
(/usr/local/texlive/2019/texmf-dist/tex/generic/babel/babel.sty
Package: babel 2019/05/04 3.31 The Babel package

(/usr/local/texlive/2019/texmf-dist/tex/generic/babel/switch.def
File: switch.def 2019/05/04 3.31 Babel switching mechanism
)
(/usr/local/texlive/2019/texmf-dist/tex/generic/babel-english/english.ldf
Language: english 2017/06/06 v3.3r English support from the babel system

(/usr/local/texlive/2019/texmf-dist/tex/generic/babel/babel.def
File: babel.def 2019/05/04 3.31 Babel common definitions
\babel@savecnt=\count89
\U@D=\dimen103

(/usr/local/texlive/2019/texmf-dist/tex/generic/babel/txtbabel.def)
\bbl@dirlevel=\count90
)
\l@canadian = a dialect from \language\l@american 
\l@australian = a dialect from \language\l@british 
\l@newzealand = a dialect from \language\l@british 
))
(/usr/local/texlive/2019/texmf-dist/tex/latex/psnfss/helvet.sty
Package: helvet 2005/04/12 PSNFSS-v9.2a (WaS) 

(/usr/local/texlive/2019/texmf-dist/tex/latex/graphics/keyval.sty
Package: keyval 2014/10/28 v1.15 key=value parser (DPC)
\KV@toks@=\toks14
))
(/usr/local/texlive/2019/texmf-dist/tex/latex/blindtext/blindtext.sty
Package: blindtext 2012/01/06 V2.0 blindtext-Package

(/usr/local/texlive/2019/texmf-dist/tex/latex/tools/xspace.sty
Package: xspace 2014/10/28 v1.13 Space after command names (DPC,MH)
)
\c@blindtext=\count91
\c@Blindtext=\count92
\c@blind@countparstart=\count93
\blind@countxx=\count94
\blindtext@numBlindtext=\count95
\blind@countyy=\count96
\c@blindlist=\count97
\c@blindlistlevel=\count98
\c@blindlist@level=\count99
\blind@listitem=\count100
\c@blind@listcount=\count101
\c@blind@levelcount=\count102
\blind@mathformula=\count103
\blind@Mathformula=\count104
\c@blind@randomcount=\count105
\c@blind@randommax=\count106
\c@blind@pangramcount=\count107
\c@blind@pangrammax=\count108
)
(/usr/local/texlive/2019/texmf-dist/tex/latex/graphics/graphicx.sty
Package: graphicx 2017/06/01 v1.1a Enhanced LaTeX Graphics (DPC,SPQR)

(/usr/local/texlive/2019/texmf-dist/tex/latex/graphics/graphics.sty
Package: graphics 2017/06/25 v1.2c Standard LaTeX Graphics (DPC,SPQR)

(/usr/local/texlive/2019/texmf-dist/tex/latex/graphics/trig.sty
Package: trig 2016/01/03 v1.10 sin cos tan (DPC)
)
(/usr/local/texlive/2019/texmf-dist/tex/latex/graphics-cfg/graphics.cfg
File: graphics.cfg 2016/06/04 v1.11 sample graphics configuration
)
Package graphics Info: Driver file: pdftex.def on input line 99.

(/usr/local/texlive/2019/texmf-dist/tex/latex/graphics-def/pdftex.def
File: pdftex.def 2018/01/08 v1.0l Graphics/color driver for pdftex
))
\Gin@req@height=\dimen104
\Gin@req@width=\dimen105
)
(/usr/local/texlive/2019/texmf-dist/tex/latex/wrapfig/wrapfig.sty
\wrapoverhang=\dimen106
\WF@size=\dimen107
\c@WF@wrappedlines=\count109
\WF@box=\box27
\WF@everypar=\toks15
Package: wrapfig 2003/01/31  v 3.6
)
(/usr/local/texlive/2019/texmf-dist/tex/latex/enumitem/enumitem.sty
Package: enumitem 2019/02/04 v3.8 Customized lists
\labelindent=\skip43
\enit@outerparindent=\dimen108
\enit@toks=\toks16
\enit@inbox=\box28
\enit@count@id=\count110
\enitdp@description=\count111
)
(/usr/local/texlive/2019/texmf-dist/tex/latex/fancyhdr/fancyhdr.sty
Package: fancyhdr 2019/01/31 v3.10 Extensive control of page headers and footer
s
\f@nch@headwidth=\skip44
\f@nch@O@elh=\skip45
\f@nch@O@erh=\skip46
\f@nch@O@olh=\skip47
\f@nch@O@orh=\skip48
\f@nch@O@elf=\skip49
\f@nch@O@erf=\skip50
\f@nch@O@olf=\skip51
\f@nch@O@orf=\skip52
)
(/usr/local/texlive/2019/texmf-dist/tex/latex/amsmath/amsmath.sty
Package: amsmath 2018/12/01 v2.17b AMS math features
\@mathmargin=\skip53

For additional information on amsmath, use the `?' option.
(/usr/local/texlive/2019/texmf-dist/tex/latex/amsmath/amstext.sty
Package: amstext 2000/06/29 v2.01 AMS text

(/usr/local/texlive/2019/texmf-dist/tex/latex/amsmath/amsgen.sty
File: amsgen.sty 1999/11/30 v2.0 generic functions
\@emptytoks=\toks17
\ex@=\dimen109
))
(/usr/local/texlive/2019/texmf-dist/tex/latex/amsmath/amsbsy.sty
Package: amsbsy 1999/11/29 v1.2d Bold Symbols
\pmbraise@=\dimen110
)
(/usr/local/texlive/2019/texmf-dist/tex/latex/amsmath/amsopn.sty
Package: amsopn 2016/03/08 v2.02 operator names
)
\inf@bad=\count112
LaTeX Info: Redefining \frac on input line 223.
\uproot@=\count113
\leftroot@=\count114
LaTeX Info: Redefining \overline on input line 385.
\classnum@=\count115
\DOTSCASE@=\count116
LaTeX Info: Redefining \ldots on input line 482.
LaTeX Info: Redefining \dots on input line 485.
LaTeX Info: Redefining \cdots on input line 606.
\Mathstrutbox@=\box29
\strutbox@=\box30
\big@size=\dimen111
LaTeX Font Info:    Redeclaring font encoding OML on input line 729.
LaTeX Font Info:    Redeclaring font encoding OMS on input line 730.
\macc@depth=\count117
\c@MaxMatrixCols=\count118
\dotsspace@=\muskip10
\c@parentequation=\count119
\dspbrk@lvl=\count120
\tag@help=\toks18
\row@=\count121
\column@=\count122
\maxfields@=\count123
\andhelp@=\toks19
\eqnshift@=\dimen112
\alignsep@=\dimen113
\tagshift@=\dimen114
\tagwidth@=\dimen115
\totwidth@=\dimen116
\lineht@=\dimen117
\@envbody=\toks20
\multlinegap=\skip54
\multlinetaggap=\skip55
\mathdisplay@stack=\toks21
LaTeX Info: Redefining \[ on input line 2844.
LaTeX Info: Redefining \] on input line 2845.
)
(/usr/local/texlive/2019/texmf-dist/tex/latex/index/index.sty
Package: index 2004/01/20 v4.2beta Improved index support (dmj)
\@indexbox=\insert199
\indexproofstyle=\toks22


LaTeX Warning: Command \markboth  has changed.
               Check if current package is valid.


LaTeX Warning: Command \markright  has changed.
               Check if current package is valid.

)
\idxtitle@default=\toks23
\tf@default=\write3
\openout3 = `TutorialDocument.idx'.

Package index Info: Writing index file TutorialDocument.idx on input line 150.
 (./TutorialDocument.aux)
\openout1 = `TutorialDocument.aux'.

LaTeX Font Info:    Checking defaults for OML/cmm/m/it on input line 156.
LaTeX Font Info:    ... okay on input line 156.
LaTeX Font Info:    Checking defaults for T1/cmr/m/n on input line 156.
LaTeX Font Info:    ... okay on input line 156.
LaTeX Font Info:    Checking defaults for OT1/cmr/m/n on input line 156.
LaTeX Font Info:    ... okay on input line 156.
LaTeX Font Info:    Checking defaults for OMS/cmsy/m/n on input line 156.
LaTeX Font Info:    ... okay on input line 156.
LaTeX Font Info:    Checking defaults for OMX/cmex/m/n on input line 156.
LaTeX Font Info:    ... okay on input line 156.
LaTeX Font Info:    Checking defaults for U/cmr/m/n on input line 156.
LaTeX Font Info:    ... okay on input line 156.

(/usr/local/texlive/2019/texmf-dist/tex/context/base/mkii/supp-pdf.mkii
[Loading MPS to PDF converter (version 2006.09.02).]
\scratchcounter=\count124
\scratchdimen=\dimen118
\scratchbox=\box31
\nofMPsegments=\count125
\nofMParguments=\count126
\everyMPshowfont=\toks24
\MPscratchCnt=\count127
\MPscratchDim=\dimen119
\MPnumerator=\count128
\makeMPintoPDFobject=\count129
\everyMPtoPDFconversion=\toks25
) (/usr/local/texlive/2019/texmf-dist/tex/latex/oberdiek/epstopdf-base.sty
Package: epstopdf-base 2016/05/15 v2.6 Base part for package epstopdf

(/usr/local/texlive/2019/texmf-dist/tex/generic/oberdiek/infwarerr.sty
Package: infwarerr 2016/05/16 v1.4 Providing info/warning/error messages (HO)
)
(/usr/local/texlive/2019/texmf-dist/tex/latex/oberdiek/grfext.sty
Package: grfext 2016/05/16 v1.2 Manage graphics extensions (HO)

(/usr/local/texlive/2019/texmf-dist/tex/generic/oberdiek/kvdefinekeys.sty
Package: kvdefinekeys 2016/05/16 v1.4 Define keys (HO)

(/usr/local/texlive/2019/texmf-dist/tex/generic/oberdiek/ltxcmds.sty
Package: ltxcmds 2016/05/16 v1.23 LaTeX kernel commands for general use (HO)
)))
(/usr/local/texlive/2019/texmf-dist/tex/latex/oberdiek/kvoptions.sty
Package: kvoptions 2016/05/16 v3.12 Key value format for package options (HO)

(/usr/local/texlive/2019/texmf-dist/tex/generic/oberdiek/kvsetkeys.sty
Package: kvsetkeys 2016/05/16 v1.17 Key value parser (HO)

(/usr/local/texlive/2019/texmf-dist/tex/generic/oberdiek/etexcmds.sty
Package: etexcmds 2016/05/16 v1.6 Avoid name clashes with e-TeX commands (HO)

(/usr/local/texlive/2019/texmf-dist/tex/generic/oberdiek/ifluatex.sty
Package: ifluatex 2016/05/16 v1.4 Provides the ifluatex switch (HO)
Package ifluatex Info: LuaTeX not detected.
))))
(/usr/local/texlive/2019/texmf-dist/tex/generic/oberdiek/pdftexcmds.sty
Package: pdftexcmds 2018/09/10 v0.29 Utility functions of pdfTeX for LuaTeX (HO
)

(/usr/local/texlive/2019/texmf-dist/tex/generic/oberdiek/ifpdf.sty
Package: ifpdf 2018/09/07 v3.3 Provides the ifpdf switch
)
Package pdftexcmds Info: LuaTeX not detected.
Package pdftexcmds Info: \pdf@primitive is available.
Package pdftexcmds Info: \pdf@ifprimitive is available.
Package pdftexcmds Info: \pdfdraftmode found.
)
Package epstopdf-base Info: Redefining graphics rule for `.eps' on input line 4
38.
Package grfext Info: Graphics extension search list:
(grfext)             [.pdf,.png,.jpg,.mps,.jpeg,.jbig2,.jb2,.PDF,.PNG,.JPG,.JPE
G,.JBIG2,.JB2,.eps]
(grfext)             \AppendGraphicsExtensions on input line 456.

(/usr/local/texlive/2019/texmf-dist/tex/latex/latexconfig/epstopdf-sys.cfg
File: epstopdf-sys.cfg 2010/07/13 v1.3 Configuration of (r)epstopdf for TeX Liv
e
))
[1


{/usr/local/texlive/2019/texmf-var/fonts/map/pdftex/updmap/pdftex.map}]
(./TutorialDocument.toc)
\tf@toc=\write4
\openout4 = `TutorialDocument.toc'.

 [2

]
Chapter 1.
[3

]
LaTeX Font Info:    Try loading font information for OMS+cmr on input line 227.

 (/usr/local/texlive/2019/texmf-dist/tex/latex/base/omscmr.fd
File: omscmr.fd 2014/09/29 v2.5h Standard LaTeX font definitions
)
LaTeX Font Info:    Font shape `OMS/cmr/m/n' in size <12> not available
(Font)              Font shape `OMS/cmsy/m/n' tried instead on input line 227.


Package Fancyhdr Warning: \headheight is too small (12.0pt): 
Make it at least 14.49998pt.
We now make it that large for the rest of the document.
This may cause the page layout to be inconsistent, however.

[4] [5]
Underfull \hbox (badness 10000) in paragraph at lines 306--307

 []


Underfull \hbox (badness 10000) in paragraph at lines 309--310

 []

[6]
LaTeX Font Info:    Try loading font information for OT1+phv on input line 465.

 (/usr/local/texlive/2019/texmf-dist/tex/latex/psnfss/ot1phv.fd
File: ot1phv.fd 2001/06/04 scalable font definitions for OT1/phv.
)
LaTeX Font Info:    Font shape `OT1/phv/m/n' will be
(Font)              scaled to size 11.03998pt on input line 465.
LaTeX Font Info:    Try loading font information for OML+cmr on input line 499.


(/usr/local/texlive/2019/texmf-dist/tex/latex/base/omlcmr.fd
File: omlcmr.fd 2014/09/29 v2.5h Standard LaTeX font definitions
)
LaTeX Font Info:    Font shape `OML/cmr/m/n' in size <12> not available
(Font)              Font shape `OML/cmm/m/it' tried instead on input line 499.
LaTeX Font Info:    Font shape `OT1/phv/bx/n' in size <17.28> not available
(Font)              Font shape `OT1/phv/b/n' tried instead on input line 513.
LaTeX Font Info:    Font shape `OT1/phv/b/n' will be
(Font)              scaled to size 15.89755pt on input line 513.

Underfull \hbox (badness 10000) in paragraph at lines 515--516

 []

[7]
Underfull \hbox (badness 10000) in paragraph at lines 559--560

 []


Underfull \hbox (badness 10000) in paragraph at lines 565--566

 []


Underfull \hbox (badness 10000) in paragraph at lines 570--574

 []

[8]
Underfull \hbox (badness 10000) in paragraph at lines 577--578

 []


Underfull \hbox (badness 10000) in paragraph at lines 579--580

 []


Underfull \hbox (badness 10000) in paragraph at lines 589--590

 []


Underfull \hbox (badness 10000) in paragraph at lines 591--592

 []


Underfull \hbox (badness 10000) in paragraph at lines 593--594

 []


Overfull \hbox (23.09822pt too wide) in paragraph at lines 595--598
[]\OT1/phv/m/n/12 Operators $[]\OML/cmm/m/it/12 ; []; []; []; []; []; []; []; [
]; []; []; []; []; [] 
 []


Overfull \hbox (33.33708pt too wide) in paragraph at lines 595--598
[]\OML/cmm/m/it/12 ; []; []; []; []; []; []; []; []; []; []; []; []; []; []; []
; []; []$ 
 []


Underfull \hbox (badness 10000) in paragraph at lines 595--598

 []


Overfull \hbox (1.75468pt too wide) in paragraph at lines 599--602
[]\OT1/phv/m/n/12 Arrows $\OMS/cmsy/m/n/12  \OML/cmm/m/it/12 ; \OMS/cmsy/m/n/12
 (\OML/cmm/m/it/12 ; \OMS/cmsy/m/n/12 !\OML/cmm/m/it/12 ; \OMS/cmsy/m/n/12 )\OM
L/cmm/m/it/12 ; \OMS/cmsy/m/n/12 $\OML/cmm/m/it/12 ; []; \OMS/cmsy/m/n/12 "\OML
/cmm/m/it/12 ; \OMS/cmsy/m/n/12 #\OML/cmm/m/it/12 ; \OMS/cmsy/m/n/12 *\OML/cmm/
m/it/12 ; \OMS/cmsy/m/n/12 +\OML/cmm/m/it/12 ; \OMS/cmsy/m/n/12 ,\OML/cmm/m/it/
12 ; \OMS/cmsy/m/n/12 m\OML/cmm/m/it/12 ; \OMS/cmsy/m/n/12 7!\OML/cmm/m/it/12 ;
 \OMS/cmsy/m/n/12 7[][]!\OML/cmm/m/it/12 ; \OMS/cmsy/m/n/12 %\OML/cmm/m/it/12 ;
 \OMS/cmsy/m/n/12 &\OML/cmm/m/it/12 ; \OMS/cmsy/m/n/12 .\OML/cmm/m/it/12 ; \OMS
/cmsy/m/n/12 -\OML/cmm/m/it/12 ; (; *; )
 []


Underfull \hbox (badness 10000) in paragraph at lines 599--602

 []


Underfull \hbox (badness 10000) in paragraph at lines 603--604

 []


Underfull \hbox (badness 10000) in paragraph at lines 605--608

 []

LaTeX Font Info:    Font shape `OT1/phv/bx/n' in size <12> not available
(Font)              Font shape `OT1/phv/b/n' tried instead on input line 614.
LaTeX Font Info:    Font shape `OT1/phv/b/n' will be
(Font)              scaled to size 11.03998pt on input line 614.

Underfull \hbox (badness 6268) in paragraph at lines 637--637
[]\OT1/phv/m/n/12 I used to
 []


Underfull \hbox (badness 10000) in paragraph at lines 637--637
\OT1/phv/m/n/12 in-de-ci-sive,
 []


Underfull \hbox (badness 10000) in paragraph at lines 637--637
\OT1/phv/m/n/12 but now
 []


Underfull \hbox (badness 10000) in paragraph at lines 639--639
[]\OT1/phv/m/n/12 Always
 []


Underfull \hbox (badness 10000) in paragraph at lines 639--639
\OT1/phv/m/n/12 re-mem-ber
 []


Underfull \hbox (badness 3746) in paragraph at lines 639--639
\OT1/phv/m/n/12 that you're
 []


Underfull \hbox (badness 10000) in paragraph at lines 639--639
\OT1/phv/m/n/12 unique.
 []


Underfull \hbox (badness 10000) in paragraph at lines 639--639
\OT1/phv/m/n/12 Just like
 []

[9]
Underfull \hbox (badness 10000) in paragraph at lines 663--664

 []


LaTeX Warning: Reference `sec:typeemp' on page 10 undefined on input line 667.


LaTeX Warning: Reference `sec:typeemp' on page 10 undefined on input line 667.


LaTeX Warning: Reference `fig:prettypic' on page 10 undefined on input line 668
.


LaTeX Warning: Reference `fig:prettypic' on page 10 undefined on input line 668
.


Underfull \hbox (badness 10000) in paragraph at lines 667--669

 []


LaTeX Warning: Citation `ABCAFR' on page 10 undefined on input line 672.

[10]
LaTeX Font Info:    Font shape `OT1/phv/m/it' in size <12> not available
(Font)              Font shape `OT1/phv/m/sl' tried instead on input line 675.
LaTeX Font Info:    Font shape `OT1/phv/m/sl' will be
(Font)              scaled to size 11.03998pt on input line 675.
 [11

]
No file TutorialDocument.ind.
(./TutorialDocument.aux)

LaTeX Warning: There were undefined references.


LaTeX Warning: Label(s) may have changed. Rerun to get cross-references right.

 ) 
Here is how much of TeX's memory you used:
 3507 strings out of 492616
 49236 string characters out of 6129482
 143235 words of memory out of 5000000
 7349 multiletter control sequences out of 15000+600000
 19506 words of font info for 53 fonts, out of 8000000 for 9000
 1141 hyphenation exceptions out of 8191
 41i,11n,43p,283b,433s stack positions out of 5000i,500n,10000p,200000b,80000s
{/usr/local/texlive/2019/texmf-dist/fonts/enc/dvips/base/8r.enc}</usr/local/t
exlive/2019/texmf-dist/fonts/type1/public/amsfonts/cm/cmbx12.pfb></usr/local/te
xlive/2019/texmf-dist/fonts/type1/public/amsfonts/cm/cmbxti10.pfb></usr/local/t
exlive/2019/texmf-dist/fonts/type1/public/amsfonts/cm/cmcsc10.pfb></usr/local/t
exlive/2019/texmf-dist/fonts/type1/public/amsfonts/cm/cmex10.pfb></usr/local/te
xlive/2019/texmf-dist/fonts/type1/public/amsfonts/cm/cmmi12.pfb></usr/local/tex
live/2019/texmf-dist/fonts/type1/public/amsfonts/cm/cmmi6.pfb></usr/local/texli
ve/2019/texmf-dist/fonts/type1/public/amsfonts/cm/cmmi8.pfb></usr/local/texlive
/2019/texmf-dist/fonts/type1/public/amsfonts/cm/cmr10.pfb></usr/local/texlive/2
019/texmf-dist/fonts/type1/public/amsfonts/cm/cmr12.pfb></usr/local/texlive/201
9/texmf-dist/fonts/type1/public/amsfonts/cm/cmr17.pfb></usr/local/texlive/2019/
texmf-dist/fonts/type1/public/amsfonts/cm/cmr6.pfb></usr/local/texlive/2019/tex
mf-dist/fonts/type1/public/amsfonts/cm/cmr7.pfb></usr/local/texlive/2019/texmf-
dist/fonts/type1/public/amsfonts/cm/cmr8.pfb></usr/local/texlive/2019/texmf-dis
t/fonts/type1/public/amsfonts/cm/cmsl12.pfb></usr/local/texlive/2019/texmf-dist
/fonts/type1/public/amsfonts/cm/cmsy10.pfb></usr/local/texlive/2019/texmf-dist/
fonts/type1/public/amsfonts/cm/cmsy8.pfb></usr/local/texlive/2019/texmf-dist/fo
nts/type1/public/amsfonts/cm/cmti12.pfb></usr/local/texlive/2019/texmf-dist/fon
ts/type1/public/amsfonts/cm/cmtt12.pfb></usr/local/texlive/2019/texmf-dist/font
s/type1/urw/helvetic/uhvb8a.pfb></usr/local/texlive/2019/texmf-dist/fonts/type1
/urw/helvetic/uhvr8a.pfb></usr/local/texlive/2019/texmf-dist/fonts/type1/urw/he
lvetic/uhvro8a.pfb>
Output written on TutorialDocument.pdf (11 pages, 236027 bytes).
PDF statistics:
 125 PDF objects out of 1000 (max. 8388607)
 90 compressed objects within 1 object stream
 0 named destinations out of 1000 (max. 500000)
 1 words of extra memory for PDF output out of 10000 (max. 10000000)

